<?xml version="1.0" encoding="UTF-8"?>
<testsuite xmlns:xsi="http://www.w3.org/2001/XMLSchema-instance" xsi:noNamespaceSchemaLocation="https://maven.apache.org/surefire/maven-surefire-plugin/xsd/surefire-test-report.xsd" version="3.0.1" name="TestSuite" time="63.634" tests="12" errors="0" skipped="0" failures="0">
  <properties>
    <property name="java.specification.version" value="20"/>
    <property name="sun.jnu.encoding" value="UTF-8"/>
    <property name="java.class.path" value="/Users/gauravkumar/eclipse-workspace/PetStorePetsAPIFramework/target/test-classes:/Users/gauravkumar/eclipse-workspace/PetStorePetsAPIFramework/target/classes:/Users/gauravkumar/.m2/repository/io/rest-assured/rest-assured/5.4.0/rest-assured-5.4.0.jar:/Users/gauravkumar/.m2/repository/org/apache/groovy/groovy/4.0.16/groovy-4.0.16.jar:/Users/gauravkumar/.m2/repository/org/apache/groovy/groovy-xml/4.0.16/groovy-xml-4.0.16.jar:/Users/gauravkumar/.m2/repository/org/apache/httpcomponents/httpclient/4.5.13/httpclient-4.5.13.jar:/Users/gauravkumar/.m2/repository/org/apache/httpcomponents/httpcore/4.4.13/httpcore-4.4.13.jar:/Users/gauravkumar/.m2/repository/commons-logging/commons-logging/1.2/commons-logging-1.2.jar:/Users/gauravkumar/.m2/repository/org/apache/httpcomponents/httpmime/4.5.13/httpmime-4.5.13.jar:/Users/gauravkumar/.m2/repository/org/hamcrest/hamcrest/2.2/hamcrest-2.2.jar:/Users/gauravkumar/.m2/repository/org/ccil/cowan/tagsoup/tagsoup/1.2.1/tagsoup-1.2.1.jar:/Users/gauravkumar/.m2/repository/io/rest-assured/xml-path/5.4.0/xml-path-5.4.0.jar:/Users/gauravkumar/.m2/repository/org/testng/testng/7.10.2/testng-7.10.2.jar:/Users/gauravkumar/.m2/repository/org/slf4j/slf4j-api/1.7.36/slf4j-api-1.7.36.jar:/Users/gauravkumar/.m2/repository/com/beust/jcommander/1.82/jcommander-1.82.jar:/Users/gauravkumar/.m2/repository/org/webjars/jquery/3.7.1/jquery-3.7.1.jar:/Users/gauravkumar/.m2/repository/com/aventstack/extentreports/5.1.1/extentreports-5.1.1.jar:/Users/gauravkumar/.m2/repository/io/reactivex/rxjava3/rxjava/3.1.6/rxjava-3.1.6.jar:/Users/gauravkumar/.m2/repository/org/reactivestreams/reactive-streams/1.0.4/reactive-streams-1.0.4.jar:/Users/gauravkumar/.m2/repository/org/freemarker/freemarker/2.3.32/freemarker-2.3.32.jar:/Users/gauravkumar/.m2/repository/org/projectlombok/lombok/1.18.26/lombok-1.18.26.jar:/Users/gauravkumar/.m2/repository/com/google/code/gson/gson/2.11.0/gson-2.11.0.jar:/Users/gauravkumar/.m2/repository/com/google/errorprone/error_prone_annotations/2.27.0/error_prone_annotations-2.27.0.jar:/Users/gauravkumar/.m2/repository/com/github/scribejava/scribejava-apis/8.3.3/scribejava-apis-8.3.3.jar:/Users/gauravkumar/.m2/repository/com/github/scribejava/scribejava-core/8.3.3/scribejava-core-8.3.3.jar:/Users/gauravkumar/.m2/repository/com/github/scribejava/scribejava-java8/8.3.3/scribejava-java8-8.3.3.jar:/Users/gauravkumar/.m2/repository/com/fasterxml/jackson/core/jackson-databind/2.14.0/jackson-databind-2.14.0.jar:/Users/gauravkumar/.m2/repository/com/fasterxml/jackson/core/jackson-annotations/2.14.0/jackson-annotations-2.14.0.jar:/Users/gauravkumar/.m2/repository/com/fasterxml/jackson/core/jackson-core/2.14.0/jackson-core-2.14.0.jar:/Users/gauravkumar/.m2/repository/org/apache/poi/poi/5.2.5/poi-5.2.5.jar:/Users/gauravkumar/.m2/repository/commons-codec/commons-codec/1.16.0/commons-codec-1.16.0.jar:/Users/gauravkumar/.m2/repository/org/apache/commons/commons-collections4/4.4/commons-collections4-4.4.jar:/Users/gauravkumar/.m2/repository/org/apache/commons/commons-math3/3.6.1/commons-math3-3.6.1.jar:/Users/gauravkumar/.m2/repository/commons-io/commons-io/2.15.0/commons-io-2.15.0.jar:/Users/gauravkumar/.m2/repository/com/zaxxer/SparseBitSet/1.3/SparseBitSet-1.3.jar:/Users/gauravkumar/.m2/repository/org/apache/poi/poi-ooxml/5.2.5/poi-ooxml-5.2.5.jar:/Users/gauravkumar/.m2/repository/org/apache/poi/poi-ooxml-lite/5.2.5/poi-ooxml-lite-5.2.5.jar:/Users/gauravkumar/.m2/repository/org/apache/xmlbeans/xmlbeans/5.2.0/xmlbeans-5.2.0.jar:/Users/gauravkumar/.m2/repository/org/apache/commons/commons-compress/1.25.0/commons-compress-1.25.0.jar:/Users/gauravkumar/.m2/repository/com/github/virtuald/curvesapi/1.08/curvesapi-1.08.jar:/Users/gauravkumar/.m2/repository/org/json/json/20240303/json-20240303.jar:/Users/gauravkumar/.m2/repository/io/rest-assured/json-path/5.4.0/json-path-5.4.0.jar:/Users/gauravkumar/.m2/repository/org/apache/groovy/groovy-json/4.0.16/groovy-json-4.0.16.jar:/Users/gauravkumar/.m2/repository/io/rest-assured/rest-assured-common/5.4.0/rest-assured-common-5.4.0.jar:/Users/gauravkumar/.m2/repository/io/rest-assured/json-schema-validator/5.4.0/json-schema-validator-5.4.0.jar:/Users/gauravkumar/.m2/repository/com/github/java-json-tools/json-schema-validator/2.2.14/json-schema-validator-2.2.14.jar:/Users/gauravkumar/.m2/repository/com/github/java-json-tools/jackson-coreutils-equivalence/1.0/jackson-coreutils-equivalence-1.0.jar:/Users/gauravkumar/.m2/repository/com/github/java-json-tools/jackson-coreutils/2.0/jackson-coreutils-2.0.jar:/Users/gauravkumar/.m2/repository/com/github/java-json-tools/msg-simple/1.2/msg-simple-1.2.jar:/Users/gauravkumar/.m2/repository/com/github/java-json-tools/btf/1.3/btf-1.3.jar:/Users/gauravkumar/.m2/repository/com/github/java-json-tools/json-schema-core/1.2.14/json-schema-core-1.2.14.jar:/Users/gauravkumar/.m2/repository/com/github/java-json-tools/uri-template/0.10/uri-template-0.10.jar:/Users/gauravkumar/.m2/repository/org/mozilla/rhino/1.7.7.2/rhino-1.7.7.2.jar:/Users/gauravkumar/.m2/repository/com/sun/mail/mailapi/1.6.2/mailapi-1.6.2.jar:/Users/gauravkumar/.m2/repository/joda-time/joda-time/2.10.5/joda-time-2.10.5.jar:/Users/gauravkumar/.m2/repository/com/googlecode/libphonenumber/libphonenumber/8.11.1/libphonenumber-8.11.1.jar:/Users/gauravkumar/.m2/repository/com/google/code/findbugs/jsr305/3.0.2/jsr305-3.0.2.jar:/Users/gauravkumar/.m2/repository/net/sf/jopt-simple/jopt-simple/5.0.4/jopt-simple-5.0.4.jar:/Users/gauravkumar/.m2/repository/com/google/guava/guava/32.0.1-jre/guava-32.0.1-jre.jar:/Users/gauravkumar/.m2/repository/com/google/guava/failureaccess/1.0.1/failureaccess-1.0.1.jar:/Users/gauravkumar/.m2/repository/com/google/guava/listenablefuture/9999.0-empty-to-avoid-conflict-with-guava/listenablefuture-9999.0-empty-to-avoid-conflict-with-guava.jar:/Users/gauravkumar/.m2/repository/org/checkerframework/checker-qual/3.33.0/checker-qual-3.33.0.jar:/Users/gauravkumar/.m2/repository/com/google/j2objc/j2objc-annotations/2.8/j2objc-annotations-2.8.jar:/Users/gauravkumar/.m2/repository/com/github/javafaker/javafaker/1.0.2/javafaker-1.0.2.jar:/Users/gauravkumar/.m2/repository/org/apache/commons/commons-lang3/3.5/commons-lang3-3.5.jar:/Users/gauravkumar/.m2/repository/org/yaml/snakeyaml/1.23/snakeyaml-1.23-android.jar:/Users/gauravkumar/.m2/repository/com/github/mifmif/generex/1.0.2/generex-1.0.2.jar:/Users/gauravkumar/.m2/repository/dk/brics/automaton/automaton/1.11-8/automaton-1.11-8.jar:/Users/gauravkumar/.m2/repository/org/apache/logging/log4j/log4j-api/2.18.0/log4j-api-2.18.0.jar:/Users/gauravkumar/.m2/repository/org/apache/logging/log4j/log4j-core/2.18.0/log4j-core-2.18.0.jar:"/>
    <property name="java.vm.vendor" value="Oracle Corporation"/>
    <property name="sun.arch.data.model" value="64"/>
    <property name="java.vendor.url" value="https://java.oracle.com/"/>
    <property name="user.timezone" value="Pacific/Auckland"/>
    <property name="os.name" value="Mac OS X"/>
    <property name="java.vm.specification.version" value="20"/>
    <property name="sun.java.launcher" value="SUN_STANDARD"/>
    <property name="user.country" value="NZ"/>
    <property name="sun.boot.library.path" value="/Library/Java/JavaVirtualMachines/jdk-20.jdk/Contents/Home/lib"/>
    <property name="sun.java.command" value="/Users/gauravkumar/eclipse-workspace/PetStorePetsAPIFramework/target/surefire/surefirebooter-20240704132250291_3.jar /Users/gauravkumar/eclipse-workspace/PetStorePetsAPIFramework/target/surefire 2024-07-04T13-22-50_146-jvmRun1 surefire-20240704132250291_1tmp surefire_0-20240704132250291_2tmp"/>
    <property name="http.nonProxyHosts" value="local|*.local|169.254/16|*.169.254/16"/>
    <property name="jdk.debug" value="release"/>
    <property name="surefire.test.class.path" value="/Users/gauravkumar/eclipse-workspace/PetStorePetsAPIFramework/target/test-classes:/Users/gauravkumar/eclipse-workspace/PetStorePetsAPIFramework/target/classes:/Users/gauravkumar/.m2/repository/io/rest-assured/rest-assured/5.4.0/rest-assured-5.4.0.jar:/Users/gauravkumar/.m2/repository/org/apache/groovy/groovy/4.0.16/groovy-4.0.16.jar:/Users/gauravkumar/.m2/repository/org/apache/groovy/groovy-xml/4.0.16/groovy-xml-4.0.16.jar:/Users/gauravkumar/.m2/repository/org/apache/httpcomponents/httpclient/4.5.13/httpclient-4.5.13.jar:/Users/gauravkumar/.m2/repository/org/apache/httpcomponents/httpcore/4.4.13/httpcore-4.4.13.jar:/Users/gauravkumar/.m2/repository/commons-logging/commons-logging/1.2/commons-logging-1.2.jar:/Users/gauravkumar/.m2/repository/org/apache/httpcomponents/httpmime/4.5.13/httpmime-4.5.13.jar:/Users/gauravkumar/.m2/repository/org/hamcrest/hamcrest/2.2/hamcrest-2.2.jar:/Users/gauravkumar/.m2/repository/org/ccil/cowan/tagsoup/tagsoup/1.2.1/tagsoup-1.2.1.jar:/Users/gauravkumar/.m2/repository/io/rest-assured/xml-path/5.4.0/xml-path-5.4.0.jar:/Users/gauravkumar/.m2/repository/org/testng/testng/7.10.2/testng-7.10.2.jar:/Users/gauravkumar/.m2/repository/org/slf4j/slf4j-api/1.7.36/slf4j-api-1.7.36.jar:/Users/gauravkumar/.m2/repository/com/beust/jcommander/1.82/jcommander-1.82.jar:/Users/gauravkumar/.m2/repository/org/webjars/jquery/3.7.1/jquery-3.7.1.jar:/Users/gauravkumar/.m2/repository/com/aventstack/extentreports/5.1.1/extentreports-5.1.1.jar:/Users/gauravkumar/.m2/repository/io/reactivex/rxjava3/rxjava/3.1.6/rxjava-3.1.6.jar:/Users/gauravkumar/.m2/repository/org/reactivestreams/reactive-streams/1.0.4/reactive-streams-1.0.4.jar:/Users/gauravkumar/.m2/repository/org/freemarker/freemarker/2.3.32/freemarker-2.3.32.jar:/Users/gauravkumar/.m2/repository/org/projectlombok/lombok/1.18.26/lombok-1.18.26.jar:/Users/gauravkumar/.m2/repository/com/google/code/gson/gson/2.11.0/gson-2.11.0.jar:/Users/gauravkumar/.m2/repository/com/google/errorprone/error_prone_annotations/2.27.0/error_prone_annotations-2.27.0.jar:/Users/gauravkumar/.m2/repository/com/github/scribejava/scribejava-apis/8.3.3/scribejava-apis-8.3.3.jar:/Users/gauravkumar/.m2/repository/com/github/scribejava/scribejava-core/8.3.3/scribejava-core-8.3.3.jar:/Users/gauravkumar/.m2/repository/com/github/scribejava/scribejava-java8/8.3.3/scribejava-java8-8.3.3.jar:/Users/gauravkumar/.m2/repository/com/fasterxml/jackson/core/jackson-databind/2.14.0/jackson-databind-2.14.0.jar:/Users/gauravkumar/.m2/repository/com/fasterxml/jackson/core/jackson-annotations/2.14.0/jackson-annotations-2.14.0.jar:/Users/gauravkumar/.m2/repository/com/fasterxml/jackson/core/jackson-core/2.14.0/jackson-core-2.14.0.jar:/Users/gauravkumar/.m2/repository/org/apache/poi/poi/5.2.5/poi-5.2.5.jar:/Users/gauravkumar/.m2/repository/commons-codec/commons-codec/1.16.0/commons-codec-1.16.0.jar:/Users/gauravkumar/.m2/repository/org/apache/commons/commons-collections4/4.4/commons-collections4-4.4.jar:/Users/gauravkumar/.m2/repository/org/apache/commons/commons-math3/3.6.1/commons-math3-3.6.1.jar:/Users/gauravkumar/.m2/repository/commons-io/commons-io/2.15.0/commons-io-2.15.0.jar:/Users/gauravkumar/.m2/repository/com/zaxxer/SparseBitSet/1.3/SparseBitSet-1.3.jar:/Users/gauravkumar/.m2/repository/org/apache/poi/poi-ooxml/5.2.5/poi-ooxml-5.2.5.jar:/Users/gauravkumar/.m2/repository/org/apache/poi/poi-ooxml-lite/5.2.5/poi-ooxml-lite-5.2.5.jar:/Users/gauravkumar/.m2/repository/org/apache/xmlbeans/xmlbeans/5.2.0/xmlbeans-5.2.0.jar:/Users/gauravkumar/.m2/repository/org/apache/commons/commons-compress/1.25.0/commons-compress-1.25.0.jar:/Users/gauravkumar/.m2/repository/com/github/virtuald/curvesapi/1.08/curvesapi-1.08.jar:/Users/gauravkumar/.m2/repository/org/json/json/20240303/json-20240303.jar:/Users/gauravkumar/.m2/repository/io/rest-assured/json-path/5.4.0/json-path-5.4.0.jar:/Users/gauravkumar/.m2/repository/org/apache/groovy/groovy-json/4.0.16/groovy-json-4.0.16.jar:/Users/gauravkumar/.m2/repository/io/rest-assured/rest-assured-common/5.4.0/rest-assured-common-5.4.0.jar:/Users/gauravkumar/.m2/repository/io/rest-assured/json-schema-validator/5.4.0/json-schema-validator-5.4.0.jar:/Users/gauravkumar/.m2/repository/com/github/java-json-tools/json-schema-validator/2.2.14/json-schema-validator-2.2.14.jar:/Users/gauravkumar/.m2/repository/com/github/java-json-tools/jackson-coreutils-equivalence/1.0/jackson-coreutils-equivalence-1.0.jar:/Users/gauravkumar/.m2/repository/com/github/java-json-tools/jackson-coreutils/2.0/jackson-coreutils-2.0.jar:/Users/gauravkumar/.m2/repository/com/github/java-json-tools/msg-simple/1.2/msg-simple-1.2.jar:/Users/gauravkumar/.m2/repository/com/github/java-json-tools/btf/1.3/btf-1.3.jar:/Users/gauravkumar/.m2/repository/com/github/java-json-tools/json-schema-core/1.2.14/json-schema-core-1.2.14.jar:/Users/gauravkumar/.m2/repository/com/github/java-json-tools/uri-template/0.10/uri-template-0.10.jar:/Users/gauravkumar/.m2/repository/org/mozilla/rhino/1.7.7.2/rhino-1.7.7.2.jar:/Users/gauravkumar/.m2/repository/com/sun/mail/mailapi/1.6.2/mailapi-1.6.2.jar:/Users/gauravkumar/.m2/repository/joda-time/joda-time/2.10.5/joda-time-2.10.5.jar:/Users/gauravkumar/.m2/repository/com/googlecode/libphonenumber/libphonenumber/8.11.1/libphonenumber-8.11.1.jar:/Users/gauravkumar/.m2/repository/com/google/code/findbugs/jsr305/3.0.2/jsr305-3.0.2.jar:/Users/gauravkumar/.m2/repository/net/sf/jopt-simple/jopt-simple/5.0.4/jopt-simple-5.0.4.jar:/Users/gauravkumar/.m2/repository/com/google/guava/guava/32.0.1-jre/guava-32.0.1-jre.jar:/Users/gauravkumar/.m2/repository/com/google/guava/failureaccess/1.0.1/failureaccess-1.0.1.jar:/Users/gauravkumar/.m2/repository/com/google/guava/listenablefuture/9999.0-empty-to-avoid-conflict-with-guava/listenablefuture-9999.0-empty-to-avoid-conflict-with-guava.jar:/Users/gauravkumar/.m2/repository/org/checkerframework/checker-qual/3.33.0/checker-qual-3.33.0.jar:/Users/gauravkumar/.m2/repository/com/google/j2objc/j2objc-annotations/2.8/j2objc-annotations-2.8.jar:/Users/gauravkumar/.m2/repository/com/github/javafaker/javafaker/1.0.2/javafaker-1.0.2.jar:/Users/gauravkumar/.m2/repository/org/apache/commons/commons-lang3/3.5/commons-lang3-3.5.jar:/Users/gauravkumar/.m2/repository/org/yaml/snakeyaml/1.23/snakeyaml-1.23-android.jar:/Users/gauravkumar/.m2/repository/com/github/mifmif/generex/1.0.2/generex-1.0.2.jar:/Users/gauravkumar/.m2/repository/dk/brics/automaton/automaton/1.11-8/automaton-1.11-8.jar:/Users/gauravkumar/.m2/repository/org/apache/logging/log4j/log4j-api/2.18.0/log4j-api-2.18.0.jar:/Users/gauravkumar/.m2/repository/org/apache/logging/log4j/log4j-core/2.18.0/log4j-core-2.18.0.jar:"/>
    <property name="sun.cpu.endian" value="little"/>
    <property name="user.home" value="/Users/gauravkumar"/>
    <property name="user.language" value="en"/>
    <property name="java.specification.vendor" value="Oracle Corporation"/>
    <property name="java.version.date" value="2023-04-18"/>
    <property name="java.home" value="/Library/Java/JavaVirtualMachines/jdk-20.jdk/Contents/Home"/>
    <property name="file.separator" value="/"/>
    <property name="basedir" value="/Users/gauravkumar/eclipse-workspace/PetStorePetsAPIFramework"/>
    <property name="java.vm.compressedOopsMode" value="Zero based"/>
    <property name="line.separator" value="&#10;"/>
    <property name="java.vm.specification.vendor" value="Oracle Corporation"/>
    <property name="java.specification.name" value="Java Platform API Specification"/>
    <property name="apple.awt.application.name" value="ForkedBooter"/>
    <property name="surefire.real.class.path" value="/Users/gauravkumar/eclipse-workspace/PetStorePetsAPIFramework/target/surefire/surefirebooter-20240704132250291_3.jar"/>
    <property name="sun.management.compiler" value="HotSpot 64-Bit Tiered Compilers"/>
    <property name="ftp.nonProxyHosts" value="local|*.local|169.254/16|*.169.254/16"/>
    <property name="java.runtime.version" value="20.0.1+9-29"/>
    <property name="user.name" value="gauravkumar"/>
    <property name="stdout.encoding" value="UTF-8"/>
    <property name="path.separator" value=":"/>
    <property name="os.version" value="14.5"/>
    <property name="java.runtime.name" value="Java(TM) SE Runtime Environment"/>
    <property name="file.encoding" value="UTF-8"/>
    <property name="java.vm.name" value="Java HotSpot(TM) 64-Bit Server VM"/>
    <property name="localRepository" value="/Users/gauravkumar/.m2/repository"/>
    <property name="java.vendor.url.bug" value="https://bugreport.java.com/bugreport/"/>
    <property name="java.io.tmpdir" value="/var/folders/4v/b3m6y8fx03n2dg4dfnx8bwdh0000gn/T/"/>
    <property name="java.version" value="20.0.1"/>
    <property name="user.dir" value="/Users/gauravkumar/eclipse-workspace/PetStorePetsAPIFramework"/>
    <property name="os.arch" value="x86_64"/>
    <property name="java.vm.specification.name" value="Java Virtual Machine Specification"/>
    <property name="native.encoding" value="UTF-8"/>
    <property name="java.library.path" value="/Users/gauravkumar/Library/Java/Extensions:/Library/Java/Extensions:/Network/Library/Java/Extensions:/System/Library/Java/Extensions:/usr/lib/java:."/>
    <property name="java.vm.info" value="mixed mode, sharing"/>
    <property name="stderr.encoding" value="UTF-8"/>
    <property name="java.vendor" value="Oracle Corporation"/>
    <property name="java.vm.version" value="20.0.1+9-29"/>
    <property name="sun.io.unicode.encoding" value="UnicodeBig"/>
    <property name="socksNonProxyHosts" value="local|*.local|169.254/16|*.169.254/16"/>
    <property name="java.class.version" value="64.0"/>
  </properties>
  <testcase name="addNewPet" classname="api.pettests.PetTest2" time="4.395">
    <system-out><![CDATA[Adding new pet with details:
ID: 187472540
Pet Name: raccoon
Category ID: 187472540
Category Name: otter
Tag ID: api.payload.Tag@5398edd0
status: available
PhotoURL: [Ljava.lang.String;@b5cc23a
JSON Payload:
{"id":187472540,"name":"raccoon","status":"available","photoUrls":["www.cheree-barton.org"],"category":{"id":187472540,"name":"otter"},"tags":[{"id":187472540,"name":"yellowjacket"}]}
HTTP/1.1 200 OK
Date: Thu, 04 Jul 2024 01:22:56 GMT
Content-Type: application/json
Transfer-Encoding: chunked
Connection: keep-alive
Access-Control-Allow-Origin: *
Access-Control-Allow-Methods: GET, POST, DELETE, PUT
Access-Control-Allow-Headers: Content-Type, api_key, Authorization
Server: Jetty(9.2.9.v20150224)

{
    "id": 187472540,
    "category": {
        "id": 187472540,
        "name": "otter"
    },
    "name": "raccoon",
    "photoUrls": [
        "www.cheree-barton.org"
    ],
    "tags": [
        {
            "id": 187472540,
            "name": "yellowjacket"
        }
    ],
    "status": "available"
}
]]></system-out>
    <system-err><![CDATA[SLF4J: Failed to load class "org.slf4j.impl.StaticLoggerBinder".
SLF4J: Defaulting to no-operation (NOP) logger implementation
SLF4J: See http://www.slf4j.org/codes.html#StaticLoggerBinder for further details.
]]></system-err>
  </testcase>
  <testcase name="getpetbyid" classname="api.pettests.PetTest2" time="1.516">
    <system-out><![CDATA[HTTP/1.1 200 OK
Date: Thu, 04 Jul 2024 01:22:57 GMT
Content-Type: application/json
Transfer-Encoding: chunked
Connection: keep-alive
Access-Control-Allow-Origin: *
Access-Control-Allow-Methods: GET, POST, DELETE, PUT
Access-Control-Allow-Headers: Content-Type, api_key, Authorization
Server: Jetty(9.2.9.v20150224)

{
    "id": 187472540,
    "category": {
        "id": 187472540,
        "name": "otter"
    },
    "name": "raccoon",
    "photoUrls": [
        "www.cheree-barton.org"
    ],
    "tags": [
        {
            "id": 187472540,
            "name": "yellowjacket"
        }
    ],
    "status": "available"
}
]]></system-out>
  </testcase>
  <testcase name="deleteapet" classname="api.pettests.PetTest2" time="1.304">
    <system-out><![CDATA[HTTP/1.1 200 OK
Date: Thu, 04 Jul 2024 01:22:59 GMT
Content-Type: application/json
Transfer-Encoding: chunked
Connection: keep-alive
Access-Control-Allow-Origin: *
Access-Control-Allow-Methods: GET, POST, DELETE, PUT
Access-Control-Allow-Headers: Content-Type, api_key, Authorization
Server: Jetty(9.2.9.v20150224)

{
    "id": 187472540,
    "category": {
        "id": 187472540,
        "name": "otter"
    },
    "name": "raccoon",
    "photoUrls": [
        "www.cheree-barton.org"
    ],
    "tags": [
        {
            "id": 187472540,
            "name": "yellowjacket"
        }
    ],
    "status": "available"
}
]]></system-out>
  </testcase>
  <testcase name="updatepetwithformdata" classname="api.pettests.PetTest2" time="1.43">
    <system-out><![CDATA[HTTP/1.1 200 OK
Date: Thu, 04 Jul 2024 01:23:00 GMT
Content-Type: application/json
Transfer-Encoding: chunked
Connection: keep-alive
Access-Control-Allow-Origin: *
Access-Control-Allow-Methods: GET, POST, DELETE, PUT
Access-Control-Allow-Headers: Content-Type, api_key, Authorization
Server: Jetty(9.2.9.v20150224)

{
    "code": 200,
    "type": "unknown",
    "message": "187472540"
}
]]></system-out>
  </testcase>
  <testcase name="updatepetimage" classname="api.pettests.PetTest2" time="23.314">
    <system-out><![CDATA[HTTP/1.1 200 OK
Date: Thu, 04 Jul 2024 01:23:23 GMT
Content-Type: application/json
Transfer-Encoding: chunked
Connection: keep-alive
Access-Control-Allow-Origin: *
Access-Control-Allow-Methods: GET, POST, DELETE, PUT
Access-Control-Allow-Headers: Content-Type, api_key, Authorization
Server: Jetty(9.2.9.v20150224)

{
    "code": 200,
    "type": "unknown",
    "message": "additionalMetadata: null\nFile uploaded to ./dog.jpg, 11745342 bytes"
}
]]></system-out>
  </testcase>
  <testcase name="updatepet" classname="api.pettests.PetTest2" time="1.77">
    <system-out><![CDATA[updating existing pet with details:
ID: 187472540
Pet Name: koala
Category ID: 1257758058
Category Name: macaw
Tag ID: api.payload.Tag@591be8aa
status: available
PhotoURL: [Ljava.lang.String;@61808ecd
JSON Payload:
{"id":187472540,"name":"koala","status":"available","photoUrls":["www.updated-barton.org"],"category":{"id":1257758058,"name":"macaw"},"tags":[{"id":1257758058,"name":"leopard"}]}
HTTP/1.1 200 OK
Date: Thu, 04 Jul 2024 01:23:25 GMT
Content-Type: application/json
Transfer-Encoding: chunked
Connection: keep-alive
Access-Control-Allow-Origin: *
Access-Control-Allow-Methods: GET, POST, DELETE, PUT
Access-Control-Allow-Headers: Content-Type, api_key, Authorization
Server: Jetty(9.2.9.v20150224)

{
    "id": 187472540,
    "category": {
        "id": 1257758058,
        "name": "macaw"
    },
    "name": "koala",
    "photoUrls": [
        "www.updated-barton.org"
    ],
    "tags": [
        {
            "id": 1257758058,
            "name": "leopard"
        }
    ],
    "status": "available"
}
]]></system-out>
  </testcase>
  <testcase name="addNewPet" classname="api.pettests.PetTest" time="1.35">
    <system-out><![CDATA[Adding new pet with details:
ID: 1129874021
Pet Name: horse
Category ID: 1129874021
Category Name: muskrat
Tag ID: api.payload.Tag@699e0bf0
status: available
PhotoURL: [Ljava.lang.String;@2499b971
JSON Payload:
{"id":1129874021,"name":"horse","status":"available","photoUrls":["www.cheree-barton.org"],"category":{"id":1129874021,"name":"muskrat"},"tags":[{"id":1129874021,"name":"toad"}]}
HTTP/1.1 200 OK
Date: Thu, 04 Jul 2024 01:23:27 GMT
Content-Type: application/json
Transfer-Encoding: chunked
Connection: keep-alive
Access-Control-Allow-Origin: *
Access-Control-Allow-Methods: GET, POST, DELETE, PUT
Access-Control-Allow-Headers: Content-Type, api_key, Authorization
Server: Jetty(9.2.9.v20150224)

{
    "id": 1129874021,
    "category": {
        "id": 1129874021,
        "name": "muskrat"
    },
    "name": "horse",
    "photoUrls": [
        "www.cheree-barton.org"
    ],
    "tags": [
        {
            "id": 1129874021,
            "name": "toad"
        }
    ],
    "status": "available"
}
]]></system-out>
  </testcase>
  <testcase name="getpetbyid" classname="api.pettests.PetTest" time="1.5">
    <system-out><![CDATA[HTTP/1.1 200 OK
Date: Thu, 04 Jul 2024 01:23:28 GMT
Content-Type: application/json
Transfer-Encoding: chunked
Connection: keep-alive
Access-Control-Allow-Origin: *
Access-Control-Allow-Methods: GET, POST, DELETE, PUT
Access-Control-Allow-Headers: Content-Type, api_key, Authorization
Server: Jetty(9.2.9.v20150224)

{
    "id": 1129874021,
    "category": {
        "id": 1129874021,
        "name": "muskrat"
    },
    "name": "horse",
    "photoUrls": [
        "www.cheree-barton.org"
    ],
    "tags": [
        {
            "id": 1129874021,
            "name": "toad"
        }
    ],
    "status": "available"
}
]]></system-out>
  </testcase>
  <testcase name="deleteapet" classname="api.pettests.PetTest" time="1.329">
    <system-out><![CDATA[HTTP/1.1 200 OK
Date: Thu, 04 Jul 2024 01:23:29 GMT
Content-Type: application/json
Transfer-Encoding: chunked
Connection: keep-alive
Access-Control-Allow-Origin: *
Access-Control-Allow-Methods: GET, POST, DELETE, PUT
Access-Control-Allow-Headers: Content-Type, api_key, Authorization
Server: Jetty(9.2.9.v20150224)

{
    "id": 1129874021,
    "category": {
        "id": 1129874021,
        "name": "muskrat"
    },
    "name": "horse",
    "photoUrls": [
        "www.cheree-barton.org"
    ],
    "tags": [
        {
            "id": 1129874021,
            "name": "toad"
        }
    ],
    "status": "available"
}
]]></system-out>
  </testcase>
  <testcase name="updatepetwithformdata" classname="api.pettests.PetTest" time="1.543">
    <system-out><![CDATA[HTTP/1.1 200 OK
Date: Thu, 04 Jul 2024 01:23:31 GMT
Content-Type: application/json
Transfer-Encoding: chunked
Connection: keep-alive
Access-Control-Allow-Origin: *
Access-Control-Allow-Methods: GET, POST, DELETE, PUT
Access-Control-Allow-Headers: Content-Type, api_key, Authorization
Server: Jetty(9.2.9.v20150224)

{
    "code": 200,
    "type": "unknown",
    "message": "1129874021"
}
]]></system-out>
  </testcase>
  <testcase name="updatepetimage" classname="api.pettests.PetTest" time="21.182">
    <system-out><![CDATA[HTTP/1.1 200 OK
Date: Thu, 04 Jul 2024 01:23:52 GMT
Content-Type: application/json
Transfer-Encoding: chunked
Connection: keep-alive
Access-Control-Allow-Origin: *
Access-Control-Allow-Methods: GET, POST, DELETE, PUT
Access-Control-Allow-Headers: Content-Type, api_key, Authorization
Server: Jetty(9.2.9.v20150224)

{
    "code": 200,
    "type": "unknown",
    "message": "additionalMetadata: null\nFile uploaded to ./dog.jpg, 11745342 bytes"
}
]]></system-out>
  </testcase>
  <testcase name="updatepet" classname="api.pettests.PetTest" time="1.455">
    <system-out><![CDATA[updating existing pet with details:
ID: 1129874021
Pet Name: monkey
Category ID: 1571707504
Category Name: goose
Tag ID: api.payload.Tag@6e981e78
status: available
PhotoURL: [Ljava.lang.String;@498a4d62
JSON Payload:
{"id":1129874021,"name":"monkey","status":"available","photoUrls":["www.updated-barton.org"],"category":{"id":1571707504,"name":"goose"},"tags":[{"id":1571707504,"name":"louse"}]}
HTTP/1.1 200 OK
Date: Thu, 04 Jul 2024 01:23:54 GMT
Content-Type: application/json
Transfer-Encoding: chunked
Connection: keep-alive
Access-Control-Allow-Origin: *
Access-Control-Allow-Methods: GET, POST, DELETE, PUT
Access-Control-Allow-Headers: Content-Type, api_key, Authorization
Server: Jetty(9.2.9.v20150224)

{
    "id": 1129874021,
    "category": {
        "id": 1571707504,
        "name": "goose"
    },
    "name": "monkey",
    "photoUrls": [
        "www.updated-barton.org"
    ],
    "tags": [
        {
            "id": 1571707504,
            "name": "louse"
        }
    ],
    "status": "available"
}
]]></system-out>
  </testcase>
</testsuite>