<?xml version="1.0" encoding="UTF-8"?>
<!-- Generated by org.testng.reporters.JUnitReportReporter -->
<testsuite hostname="Gauravs-Air.hub" failures="0" tests="7" name="api.pettests.PetTest" time="45.345" errors="0" timestamp="2024-07-03T20:51:31 NZST" skipped="0">
  <testcase classname="api.pettests.PetTest" name="addNewPet" time="3.990"/>
  <testcase classname="api.pettests.PetTest" name="getpetbyid" time="1.554"/>
  <testcase classname="api.pettests.PetTest" name="getpetbystatus" time="2.218"/>
  <testcase classname="api.pettests.PetTest" name="deleteapet" time="1.449"/>
  <testcase classname="api.pettests.PetTest" name="updatepetwithformdata" time="1.531"/>
  <testcase classname="api.pettests.PetTest" name="updatepetimage" time="33.147"/>
  <testcase classname="api.pettests.PetTest" name="updatepet" time="1.456"/>
</testsuite> <!-- api.pettests.PetTest -->
