<?xml version="1.0" encoding="UTF-8"?>
<!-- Generated by org.testng.reporters.JUnitReportReporter -->
<testsuite hostname="Gauravs-Air.hub" failures="0" tests="1" name="api.pettests.PetTest" time="3.381" errors="0" timestamp="2024-07-02T12:45:01 NZST" skipped="0">
  <testcase classname="api.pettests.PetTest" name="addNewPet" time="3.381"/>
</testsuite> <!-- api.pettests.PetTest -->
