<?xml version="1.0" encoding="UTF-8"?>
<!-- Generated by org.testng.reporters.JUnitReportReporter -->
<testsuite hostname="Gauravs-Air.hub" failures="0" tests="3" name="api.pettests.PetTest" time="6.993" errors="0" timestamp="2024-07-02T13:30:18 NZST" skipped="0">
  <testcase classname="api.pettests.PetTest" name="addNewPet" time="3.527"/>
  <testcase classname="api.pettests.PetTest" name="getpetbyid" time="1.571"/>
  <testcase classname="api.pettests.PetTest" name="getpetbystatus" time="1.895"/>
</testsuite> <!-- api.pettests.PetTest -->
