<?xml version="1.0" encoding="UTF-8"?>
<!-- Generated by org.testng.reporters.JUnitReportReporter -->
<testsuite hostname="Gauravs-Air.hub" failures="0" tests="6" name="api.pettests.PetTest2" time="46.353" errors="0" timestamp="2024-07-04T12:18:55 NZST" skipped="0">
  <testcase classname="api.pettests.PetTest2" name="addNewPet" time="1.333"/>
  <testcase classname="api.pettests.PetTest2" name="getpetbyid" time="1.605"/>
  <testcase classname="api.pettests.PetTest2" name="deleteapet" time="1.534"/>
  <testcase classname="api.pettests.PetTest2" name="updatepetwithformdata" time="1.525"/>
  <testcase classname="api.pettests.PetTest2" name="updatepetimage" time="38.908"/>
  <testcase classname="api.pettests.PetTest2" name="updatepet" time="1.448"/>
</testsuite> <!-- api.pettests.PetTest2 -->
