<?xml version="1.0" encoding="UTF-8"?>
<!-- Generated by org.testng.reporters.JUnitReportReporter -->
<testsuite hostname="Gauravs-Air.hub" failures="0" tests="6" name="api.pettests.PetTest" time="38.174" errors="0" timestamp="2024-07-02T20:30:24 NZST" skipped="0">
  <testcase classname="api.pettests.PetTest" name="addNewPet" time="3.537"/>
  <testcase classname="api.pettests.PetTest" name="getpetbyid" time="1.564"/>
  <testcase classname="api.pettests.PetTest" name="getpetbystatus" time="2.167"/>
  <testcase classname="api.pettests.PetTest" name="deleteapet" time="1.485"/>
  <testcase classname="api.pettests.PetTest" name="updatepetwithformdata" time="1.529"/>
  <testcase classname="api.pettests.PetTest" name="updatepetimage" time="27.892"/>
</testsuite> <!-- api.pettests.PetTest -->
