<?xml version="1.0" encoding="UTF-8"?>
<!-- Generated by org.testng.reporters.JUnitReportReporter -->
<testsuite hostname="Gauravs-Air.hub" failures="0" tests="3" name="api.endpoints.PetsEndPoints" time="25.221" errors="0" timestamp="2024-07-01T12:18:18 NZST" skipped="0">
  <testcase classname="api.endpoints.PetsEndPoints" name="getpetinfo" time="2.978"/>
  <testcase classname="api.endpoints.PetsEndPoints" name="deletepet" time="1.284"/>
  <testcase classname="api.endpoints.PetsEndPoints" name="uploadpetimage" time="20.959"/>
</testsuite> <!-- api.endpoints.PetsEndPoints -->
