<?xml version="1.0" encoding="UTF-8"?>
<!-- Generated by org.testng.reporters.JUnitReportReporter -->
<testsuite hostname="Gauravs-Air.hub" failures="0" tests="48" name="api.pettests.PetTestData" time="542.799" errors="0" timestamp="2024-07-04T16:49:22 NZST" skipped="0">
  <testcase classname="api.pettests.PetTestData" name="addNewPet" time="1.324"/>
  <testcase classname="api.pettests.PetTestData" name="addNewPet" time="3.130"/>
  <testcase classname="api.pettests.PetTestData" name="addNewPet" time="1.533"/>
  <testcase classname="api.pettests.PetTestData" name="addNewPet" time="1.426"/>
  <testcase classname="api.pettests.PetTestData" name="addNewPet" time="1.329"/>
  <testcase classname="api.pettests.PetTestData" name="addNewPet" time="1.531"/>
  <testcase classname="api.pettests.PetTestData" name="addNewPet" time="1.428"/>
  <testcase classname="api.pettests.PetTestData" name="addNewPet" time="1.476"/>
  <testcase classname="api.pettests.PetTestData" name="getpetbyid" time="1.580"/>
  <testcase classname="api.pettests.PetTestData" name="getpetbyid" time="1.533"/>
  <testcase classname="api.pettests.PetTestData" name="getpetbyid" time="1.436"/>
  <testcase classname="api.pettests.PetTestData" name="getpetbyid" time="1.430"/>
  <testcase classname="api.pettests.PetTestData" name="getpetbyid" time="1.531"/>
  <testcase classname="api.pettests.PetTestData" name="getpetbyid" time="1.317"/>
  <testcase classname="api.pettests.PetTestData" name="getpetbyid" time="1.537"/>
  <testcase classname="api.pettests.PetTestData" name="getpetbyid" time="1.531"/>
  <testcase classname="api.pettests.PetTestData" name="deleteapet" time="1.435"/>
  <testcase classname="api.pettests.PetTestData" name="deleteapet" time="1.321"/>
  <testcase classname="api.pettests.PetTestData" name="deleteapet" time="1.630"/>
  <testcase classname="api.pettests.PetTestData" name="deleteapet" time="1.106"/>
  <testcase classname="api.pettests.PetTestData" name="deleteapet" time="1.641"/>
  <testcase classname="api.pettests.PetTestData" name="deleteapet" time="1.532"/>
  <testcase classname="api.pettests.PetTestData" name="deleteapet" time="1.814"/>
  <testcase classname="api.pettests.PetTestData" name="deleteapet" time="1.477"/>
  <testcase classname="api.pettests.PetTestData" name="updatepetwithformdata" time="1.536"/>
  <testcase classname="api.pettests.PetTestData" name="updatepetwithformdata" time="1.430"/>
  <testcase classname="api.pettests.PetTestData" name="updatepetwithformdata" time="1.504"/>
  <testcase classname="api.pettests.PetTestData" name="updatepetwithformdata" time="1.371"/>
  <testcase classname="api.pettests.PetTestData" name="updatepetwithformdata" time="1.533"/>
  <testcase classname="api.pettests.PetTestData" name="updatepetwithformdata" time="1.376"/>
  <testcase classname="api.pettests.PetTestData" name="updatepetwithformdata" time="1.468"/>
  <testcase classname="api.pettests.PetTestData" name="updatepetwithformdata" time="1.564"/>
  <testcase classname="api.pettests.PetTestData" name="updatepetimage" time="26.864"/>
  <testcase classname="api.pettests.PetTestData" name="updatepetimage" time="37.122"/>
  <testcase classname="api.pettests.PetTestData" name="updatepetimage" time="26.477"/>
  <testcase classname="api.pettests.PetTestData" name="updatepetimage" time="28.810"/>
  <testcase classname="api.pettests.PetTestData" name="updatepetimage" time="152.591"/>
  <testcase classname="api.pettests.PetTestData" name="updatepetimage" time="158.201"/>
  <testcase classname="api.pettests.PetTestData" name="updatepetimage" time="29.311"/>
  <testcase classname="api.pettests.PetTestData" name="updatepetimage" time="23.189"/>
  <testcase classname="api.pettests.PetTestData" name="updatepet" time="1.436"/>
  <testcase classname="api.pettests.PetTestData" name="updatepet" time="1.431"/>
  <testcase classname="api.pettests.PetTestData" name="updatepet" time="1.652"/>
  <testcase classname="api.pettests.PetTestData" name="updatepet" time="1.432"/>
  <testcase classname="api.pettests.PetTestData" name="updatepet" time="1.433"/>
  <testcase classname="api.pettests.PetTestData" name="updatepet" time="1.418"/>
  <testcase classname="api.pettests.PetTestData" name="updatepet" time="1.174"/>
  <testcase classname="api.pettests.PetTestData" name="updatepet" time="1.448"/>
</testsuite> <!-- api.pettests.PetTestData -->
