<?xml version="1.0" encoding="UTF-8"?>
<!-- Generated by org.testng.reporters.JUnitReportReporter -->
<testsuite hostname="Gauravs-Air.hub" failures="0" tests="6" name="api.pettests.PetTest2" time="44.420" errors="0" timestamp="2024-07-06T11:02:00 NZST" skipped="0">
  <testcase classname="api.pettests.PetTest2" name="addNewPet" time="3.852"/>
  <testcase classname="api.pettests.PetTest2" name="getpetbyid" time="1.314"/>
  <testcase classname="api.pettests.PetTest2" name="deleteapet" time="1.132"/>
  <testcase classname="api.pettests.PetTest2" name="updatepetwithformdata" time="1.275"/>
  <testcase classname="api.pettests.PetTest2" name="updatepetimage" time="35.651"/>
  <testcase classname="api.pettests.PetTest2" name="updatepet" time="1.196"/>
</testsuite> <!-- api.pettests.PetTest2 -->
