<?xml version="1.0" encoding="UTF-8"?>
<!-- Generated by org.testng.reporters.JUnitReportReporter -->
<testsuite hostname="Gauravs-Air.hub" failures="0" tests="7" name="api.pettests.PetTest2" time="42.550" errors="0" timestamp="2024-07-03T20:51:31 NZST" skipped="0">
  <testcase classname="api.pettests.PetTest2" name="addNewPet" time="1.614"/>
  <testcase classname="api.pettests.PetTest2" name="getpetbyid" time="1.537"/>
  <testcase classname="api.pettests.PetTest2" name="getpetbystatus" time="2.173"/>
  <testcase classname="api.pettests.PetTest2" name="deleteapet" time="1.398"/>
  <testcase classname="api.pettests.PetTest2" name="updatepetwithformdata" time="1.429"/>
  <testcase classname="api.pettests.PetTest2" name="updatepetimage" time="32.611"/>
  <testcase classname="api.pettests.PetTest2" name="updatepet" time="1.788"/>
</testsuite> <!-- api.pettests.PetTest2 -->
