<?xml version="1.0" encoding="UTF-8"?>
<!-- Generated by org.testng.reporters.JUnitReportReporter -->
<testsuite hostname="Gauravs-Air.hub" failures="0" tests="7" name="api.pettests.PetTest2" time="48.898" errors="0" timestamp="2024-07-04T11:31:06 NZST" skipped="0">
  <testcase classname="api.pettests.PetTest2" name="addNewPet" time="1.372"/>
  <testcase classname="api.pettests.PetTest2" name="getpetbyid" time="1.272"/>
  <testcase classname="api.pettests.PetTest2" name="getpetbystatus" time="1.481"/>
  <testcase classname="api.pettests.PetTest2" name="deleteapet" time="1.171"/>
  <testcase classname="api.pettests.PetTest2" name="updatepetwithformdata" time="1.349"/>
  <testcase classname="api.pettests.PetTest2" name="updatepetimage" time="40.726"/>
  <testcase classname="api.pettests.PetTest2" name="updatepet" time="1.527"/>
</testsuite> <!-- api.pettests.PetTest2 -->
