<?xml version="1.0" encoding="UTF-8"?>
<!-- Generated by org.testng.reporters.JUnitReportReporter -->
<testsuite hostname="Gauravs-Air.hub" failures="0" tests="2" name="api.pettests.PetTest" time="4.857" errors="0" timestamp="2024-07-02T20:48:27 NZST" skipped="0">
  <testcase classname="api.pettests.PetTest" name="addNewPet" time="3.501"/>
  <testcase classname="api.pettests.PetTest" name="updatepet" time="1.356"/>
</testsuite> <!-- api.pettests.PetTest -->
