<?xml version="1.0" encoding="UTF-8"?>
<!-- Generated by org.testng.reporters.JUnitReportReporter -->
<testsuite hostname="Gauravs-Air.hub" failures="0" tests="6" name="api.pettests.PetTest" time="36.276" errors="0" timestamp="2024-07-06T11:02:00 NZST" skipped="0">
  <testcase classname="api.pettests.PetTest" name="addNewPet" time="1.121"/>
  <testcase classname="api.pettests.PetTest" name="getpetbyid" time="1.365"/>
  <testcase classname="api.pettests.PetTest" name="deleteapet" time="1.314"/>
  <testcase classname="api.pettests.PetTest" name="updatepetwithformdata" time="1.183"/>
  <testcase classname="api.pettests.PetTest" name="updatepetimage" time="29.589"/>
  <testcase classname="api.pettests.PetTest" name="updatepet" time="1.704"/>
</testsuite> <!-- api.pettests.PetTest -->
