<?xml version="1.0" encoding="UTF-8"?>
<!-- Generated by org.testng.reporters.JUnitReportReporter -->
<testsuite hostname="Gauravs-Air.hub" failures="0" tests="7" name="api.pettests.PetTest2" time="48.451" errors="0" timestamp="2024-07-04T11:56:10 NZST" skipped="0">
  <testcase classname="api.pettests.PetTest2" name="addNewPet" time="3.577"/>
  <testcase classname="api.pettests.PetTest2" name="getpetbyid" time="1.444"/>
  <testcase classname="api.pettests.PetTest2" name="getpetbystatus" time="1.827"/>
  <testcase classname="api.pettests.PetTest2" name="deleteapet" time="1.436"/>
  <testcase classname="api.pettests.PetTest2" name="updatepetwithformdata" time="1.531"/>
  <testcase classname="api.pettests.PetTest2" name="updatepetimage" time="31.844"/>
  <testcase classname="api.pettests.PetTest2" name="updatepet" time="6.792"/>
</testsuite> <!-- api.pettests.PetTest2 -->
