<?xml version="1.0" encoding="UTF-8"?>
<!-- Generated by org.testng.reporters.JUnitReportReporter -->
<testsuite hostname="Gauravs-Air.hub" failures="0" tests="2" name="api.pettests.PetTest" time="5.395" errors="0" timestamp="2024-07-02T12:54:25 NZST" skipped="0">
  <testcase classname="api.pettests.PetTest" name="addNewPet" time="3.838"/>
  <testcase classname="api.pettests.PetTest" name="getpetbyid" time="1.557"/>
</testsuite> <!-- api.pettests.PetTest -->
