<?xml version="1.0" encoding="UTF-8"?>
<!-- Generated by org.testng.reporters.JUnitReportReporter -->
<testsuite hostname="Gauravs-Air.hub" failures="0" tests="6" name="api.pettests.PetTest" time="22.128" errors="0" timestamp="2024-07-04T12:18:55 NZST" skipped="0">
  <testcase classname="api.pettests.PetTest" name="addNewPet" time="3.497"/>
  <testcase classname="api.pettests.PetTest" name="getpetbyid" time="1.554"/>
  <testcase classname="api.pettests.PetTest" name="deleteapet" time="1.528"/>
  <testcase classname="api.pettests.PetTest" name="updatepetwithformdata" time="1.529"/>
  <testcase classname="api.pettests.PetTest" name="updatepetimage" time="12.481"/>
  <testcase classname="api.pettests.PetTest" name="updatepet" time="1.539"/>
</testsuite> <!-- api.pettests.PetTest -->
