<?xml version="1.0" encoding="UTF-8"?>
<!-- Generated by org.testng.reporters.JUnitReportReporter -->
<testsuite hostname="Gauravs-Air.hub" failures="0" tests="7" name="api.pettests.PetTest" time="44.702" errors="0" timestamp="2024-07-04T11:31:06 NZST" skipped="0">
  <testcase classname="api.pettests.PetTest" name="addNewPet" time="4.063"/>
  <testcase classname="api.pettests.PetTest" name="getpetbyid" time="1.192"/>
  <testcase classname="api.pettests.PetTest" name="getpetbystatus" time="1.433"/>
  <testcase classname="api.pettests.PetTest" name="deleteapet" time="1.364"/>
  <testcase classname="api.pettests.PetTest" name="updatepetwithformdata" time="1.535"/>
  <testcase classname="api.pettests.PetTest" name="updatepetimage" time="33.555"/>
  <testcase classname="api.pettests.PetTest" name="updatepet" time="1.560"/>
</testsuite> <!-- api.pettests.PetTest -->
