<?xml version="1.0" encoding="UTF-8"?>
<!-- Generated by org.testng.reporters.JUnitReportReporter -->
<testsuite hostname="Gauravs-Air.hub" failures="0" tests="48" name="api.pettests.PetTestData" time="547.359" errors="0" timestamp="2024-07-06T11:02:00 NZST" skipped="0">
  <testcase classname="api.pettests.PetTestData" name="addNewPet" time="1.224"/>
  <testcase classname="api.pettests.PetTestData" name="addNewPet" time="1.118"/>
  <testcase classname="api.pettests.PetTestData" name="addNewPet" time="1.331"/>
  <testcase classname="api.pettests.PetTestData" name="addNewPet" time="1.607"/>
  <testcase classname="api.pettests.PetTestData" name="addNewPet" time="1.430"/>
  <testcase classname="api.pettests.PetTestData" name="addNewPet" time="1.252"/>
  <testcase classname="api.pettests.PetTestData" name="addNewPet" time="1.369"/>
  <testcase classname="api.pettests.PetTestData" name="addNewPet" time="1.203"/>
  <testcase classname="api.pettests.PetTestData" name="getpetbyid" time="1.346"/>
  <testcase classname="api.pettests.PetTestData" name="getpetbyid" time="1.497"/>
  <testcase classname="api.pettests.PetTestData" name="getpetbyid" time="1.328"/>
  <testcase classname="api.pettests.PetTestData" name="getpetbyid" time="1.533"/>
  <testcase classname="api.pettests.PetTestData" name="getpetbyid" time="1.533"/>
  <testcase classname="api.pettests.PetTestData" name="getpetbyid" time="1.437"/>
  <testcase classname="api.pettests.PetTestData" name="getpetbyid" time="1.429"/>
  <testcase classname="api.pettests.PetTestData" name="getpetbyid" time="1.534"/>
  <testcase classname="api.pettests.PetTestData" name="deleteapet" time="1.451"/>
  <testcase classname="api.pettests.PetTestData" name="deleteapet" time="1.540"/>
  <testcase classname="api.pettests.PetTestData" name="deleteapet" time="1.326"/>
  <testcase classname="api.pettests.PetTestData" name="deleteapet" time="1.532"/>
  <testcase classname="api.pettests.PetTestData" name="deleteapet" time="1.535"/>
  <testcase classname="api.pettests.PetTestData" name="deleteapet" time="1.429"/>
  <testcase classname="api.pettests.PetTestData" name="deleteapet" time="1.348"/>
  <testcase classname="api.pettests.PetTestData" name="deleteapet" time="1.504"/>
  <testcase classname="api.pettests.PetTestData" name="updatepetwithformdata" time="1.529"/>
  <testcase classname="api.pettests.PetTestData" name="updatepetwithformdata" time="1.200"/>
  <testcase classname="api.pettests.PetTestData" name="updatepetwithformdata" time="1.329"/>
  <testcase classname="api.pettests.PetTestData" name="updatepetwithformdata" time="1.338"/>
  <testcase classname="api.pettests.PetTestData" name="updatepetwithformdata" time="1.430"/>
  <testcase classname="api.pettests.PetTestData" name="updatepetwithformdata" time="1.342"/>
  <testcase classname="api.pettests.PetTestData" name="updatepetwithformdata" time="1.533"/>
  <testcase classname="api.pettests.PetTestData" name="updatepetwithformdata" time="1.432"/>
  <testcase classname="api.pettests.PetTestData" name="updatepetimage" time="23.001"/>
  <testcase classname="api.pettests.PetTestData" name="updatepetimage" time="36.748"/>
  <testcase classname="api.pettests.PetTestData" name="updatepetimage" time="13.442"/>
  <testcase classname="api.pettests.PetTestData" name="updatepetimage" time="311.784"/>
  <testcase classname="api.pettests.PetTestData" name="updatepetimage" time="23.196"/>
  <testcase classname="api.pettests.PetTestData" name="updatepetimage" time="39.706"/>
  <testcase classname="api.pettests.PetTestData" name="updatepetimage" time="24.992"/>
  <testcase classname="api.pettests.PetTestData" name="updatepetimage" time="17.903"/>
  <testcase classname="api.pettests.PetTestData" name="updatepet" time="1.458"/>
  <testcase classname="api.pettests.PetTestData" name="updatepet" time="1.349"/>
  <testcase classname="api.pettests.PetTestData" name="updatepet" time="1.395"/>
  <testcase classname="api.pettests.PetTestData" name="updatepet" time="1.343"/>
  <testcase classname="api.pettests.PetTestData" name="updatepet" time="1.323"/>
  <testcase classname="api.pettests.PetTestData" name="updatepet" time="1.525"/>
  <testcase classname="api.pettests.PetTestData" name="updatepet" time="1.798"/>
  <testcase classname="api.pettests.PetTestData" name="updatepet" time="1.427"/>
</testsuite> <!-- api.pettests.PetTestData -->
