<?xml version="1.0" encoding="UTF-8"?>
<!-- Generated by org.testng.reporters.JUnitReportReporter -->
<testsuite hostname="Gauravs-Air.hub" failures="0" tests="6" name="api.pettests.PetTest2" time="33.723" errors="0" timestamp="2024-07-04T13:23:54 NZST" skipped="0">
  <testcase classname="api.pettests.PetTest2" name="addNewPet" time="4.391"/>
  <testcase classname="api.pettests.PetTest2" name="getpetbyid" time="1.512"/>
  <testcase classname="api.pettests.PetTest2" name="deleteapet" time="1.306"/>
  <testcase classname="api.pettests.PetTest2" name="updatepetwithformdata" time="1.430"/>
  <testcase classname="api.pettests.PetTest2" name="updatepetimage" time="23.314"/>
  <testcase classname="api.pettests.PetTest2" name="updatepet" time="1.770"/>
</testsuite> <!-- api.pettests.PetTest2 -->
