<?xml version="1.0" encoding="UTF-8"?>
<!-- Generated by org.testng.reporters.JUnitReportReporter -->
<testsuite hostname="Gauravs-Air.hub" failures="0" tests="6" name="api.pettests.PetTest" time="28.355" errors="0" timestamp="2024-07-04T13:23:54 NZST" skipped="0">
  <testcase classname="api.pettests.PetTest" name="addNewPet" time="1.347"/>
  <testcase classname="api.pettests.PetTest" name="getpetbyid" time="1.502"/>
  <testcase classname="api.pettests.PetTest" name="deleteapet" time="1.328"/>
  <testcase classname="api.pettests.PetTest" name="updatepetwithformdata" time="1.541"/>
  <testcase classname="api.pettests.PetTest" name="updatepetimage" time="21.180"/>
  <testcase classname="api.pettests.PetTest" name="updatepet" time="1.457"/>
</testsuite> <!-- api.pettests.PetTest -->
